SF:lib/domain/managed_booking/models/booking_list_model_domain.dart
DA:4,1
DA:10,1
DA:11,2
DA:13,3
DA:15,1
DA:16,1
DA:17,1
DA:19,2
DA:22,2
DA:23,2
DA:28,1
DA:36,0
DA:37,0
DA:39,3
DA:41,1
DA:42,1
DA:43,3
DA:44,3
DA:47,2
DA:48,2
DA:49,2
DA:54,1
DA:62,0
DA:64,3
DA:66,2
DA:67,1
DA:68,1
DA:70,1
DA:71,4
DA:74,2
DA:75,1
DA:76,1
DA:78,5
DA:83,1
DA:101,0
DA:102,0
DA:104,3
DA:106,2
DA:107,1
DA:108,1
DA:109,1
DA:110,3
DA:111,3
DA:112,3
DA:113,3
DA:116,2
DA:117,1
DA:118,1
DA:119,1
DA:120,2
DA:121,2
DA:122,2
DA:123,2
DA:128,1
DA:151,0
DA:153,3
DA:155,2
DA:156,1
DA:157,2
DA:158,1
DA:159,1
DA:160,1
DA:161,1
DA:162,1
DA:164,0
DA:165,1
DA:167,0
DA:168,1
DA:169,2
DA:171,2
DA:172,1
DA:173,1
DA:174,1
DA:175,1
DA:176,1
DA:177,1
DA:178,1
DA:179,1
DA:180,1
DA:181,1
DA:186,1
DA:206,0
DA:208,3
DA:210,2
DA:211,1
DA:212,1
DA:213,1
DA:214,1
DA:215,2
DA:216,1
DA:217,1
DA:219,2
DA:220,1
DA:222,2
DA:225,2
DA:226,1
DA:227,1
DA:228,1
DA:229,1
DA:230,1
DA:231,1
DA:232,2
DA:233,2
DA:238,1
DA:256,0
DA:258,0
DA:260,2
DA:261,1
DA:262,1
DA:263,1
DA:264,1
DA:265,1
DA:266,1
DA:267,1
DA:269,1
DA:270,4
DA:273,2
DA:274,1
DA:275,1
DA:276,1
DA:277,1
DA:278,1
DA:279,1
DA:280,1
DA:282,5
DA:287,1
DA:299,0
DA:301,0
DA:303,2
DA:304,1
DA:305,1
DA:306,1
DA:307,1
DA:310,2
DA:311,1
DA:312,1
DA:313,1
DA:314,1
DA:319,1
DA:341,0
DA:343,3
DA:345,2
DA:346,1
DA:347,2
DA:348,1
DA:349,1
DA:350,1
DA:351,1
DA:352,1
DA:353,1
DA:354,1
DA:357,2
DA:358,1
DA:359,1
DA:360,1
DA:361,1
DA:362,1
DA:363,1
DA:364,1
DA:365,1
DA:366,1
DA:371,1
DA:395,0
DA:397,3
DA:399,2
DA:400,1
DA:401,1
DA:402,2
DA:403,1
DA:404,1
DA:405,1
DA:406,1
DA:407,1
DA:408,1
DA:409,1
DA:412,2
DA:413,1
DA:414,1
DA:415,1
DA:416,1
DA:417,1
DA:418,1
DA:419,1
DA:420,1
DA:421,1
DA:422,1
DA:427,1
DA:437,2
DA:438,1
DA:439,1
DA:440,1
DA:443,2
DA:444,1
DA:445,1
DA:446,1
LF:195
LH:180
end_of_record
